<?xml version="1.0" encoding="UTF-8"?>
<!-- Generated by org.testng.reporters.JUnitReportReporter -->
<testsuite hostname="LAPTOP-5R43AL2Q" failures="0" tests="1" name="driverFactory.AppTest" time="13.812" errors="0" timestamp="2025-03-10T17:37:14 IST" skipped="0">
  <testcase classname="driverFactory.AppTest" name="kickstart" time="13.812"/>
</testsuite> <!-- driverFactory.AppTest -->
